[Recherche] Un utilisateur a cherché "Duvel" le 05/06/2018 à 11h55
[Recherche] Un utilisateur a cherché  duvel le 05/06/2018 à 12h02
[Recherche] Un utilisateur a cherché  duvel le 05/06/2018 à 12h02
[Recherche] Un utilisateur a cherché  duvel le 05/06/2018 à 12h02
[Recherche] Un utilisateur a cherché  duvel le 05/06/2018 à 12h02
[Recherche] Un utilisateur a cherché  Duvel le 05/06/2018 à 12h06
[Recherche] Un utilisateur a cherché  Duvel le 05/06/2018 à 12h07
[Recherche] Un utilisateur a cherché  dfgssfd le 05/06/2018 à 12h15
[Recherche] Un utilisateur a cherché  dfqsfdsfdwxf le 05/06/2018 à 12h15
[Recherche] Un utilisateur () a cherché  duvel le 05/06/2018 à 12h25
[Recherche] Un utilisateur () a cherché  duvel le 05/06/2018 à 12h26
[Recherche] Un utilisateur () a cherché  duvel le 05/06/2018 à 12h26
[Recherche] Un utilisateur (::1) a cherché  duvel le 05/06/2018 à 12h26
[Recherche] Un utilisateur (::1) a cherché  duvel le 05/06/2018 à 12h26
[Recherche] Un utilisateur (::1) a cherché  duvel le 05/06/2018 à 12h26
[Recherche] Un utilisateur (::1) a cherché  duvel le 05/06/2018 à 12h27
[Recherche] Un utilisateur a cherché  duvel le 05/06/2018 à 12h27
[Recherche] Un utilisateur a cherché  chimay le 05/06/2018 à 12h27
[Recherche] Un utilisateur a cherché  chimay le 05/06/2018 à 12h27
[Recherche] Un utilisateur a cherché  chimay le 05/06/2018 à 12h27
[Recherche] Un utilisateur (::1) a cherché  chimay le 05/06/2018 à 12h28
[Recherche] Un utilisateur a cherché  duvel le 05/06/2018 à 13h47
[Recherche] Un utilisateur a cherché  duvel le 05/06/2018 à 13h47
[Recherche] Un utilisateur a cherché  duvel le 05/06/2018 à 13h47
[Recherche] Un utilisateur a cherché  duvel le 05/06/2018 à 13h47
[Recherche] Un utilisateur a cherché  duvel le 05/06/2018 à 13h47
[Recherche] Un utilisateur a cherché " duvel" le 05/06/2018 à 13h48
[Recherche] Un utilisateur a cherché " duvel" le 05/06/2018 à 13h48
[Recherche] Un utilisateur a cherché " duvel" le 05/06/2018 à 13h48
